<?xml version="1.0" encoding="UTF-8"?>
<beans xmlns="http://www.springframework.org/schema/beans"
	xmlns:xsi="http://www.w3.org/2001/XMLSchema-instance"
	xsi:schemaLocation="http://www.springframework.org/schema/beans http://www.springframework.org/schema/beans/spring-beans.xsd">

	<bean id="dataSource"
		class="org.springframework.jdbc.datasource.SimpleDriverDataSource">
		<property name="driverClass" value="com.mysql.jdbc.Driver" />
		<property name="url" value="jdbc:mysql://localhost/testdb" />
		<property name="username" value="root" />
		<property name="password" value="manager" />
	</bean>

	<bean id="userService" class="Chap1.UserService">
		<property name="userDao" ref="userDao" />
		<property name="transactionManager" ref="transactionManager"></property>
		<property name="mailSender" ref="mailSender"></property>
	</bean>

	<bean id="transactionManager"
		class="org.springframework.jdbc.datasource.DataSourceTransactionManager">
		<property name="dataSource" ref="dataSource" />
	</bean>

	<bean id="userDao" class="Chap1.UserDaoJdbc">
		<property name="dataSource" ref="dataSource" />
	</bean>

	<bean id="mailSender" class="Chap1.DummyMailSender" />
<!-- 	<bean id="mailSender" class="org.springframework.mail.javamail.JavaMailSenderImpl"> -->
<!-- 		<property name="host" value="smtp.naver.com" /> -->
<!-- 		<property name="username" value="wjdtjdwlsqkq" /> -->
<!-- 		<property name="password" value="a1388216" /> -->
<!-- 		<property name="port" value="587" /> -->
<!-- 	</bean> -->

</beans>
